BaseDir: C:\Users\123\Desktop
Data: C:\Users\123\Desktop\data_v4.csv | N=3624, D=8 | K=5 | valRatio=0.16
nTrials=50 | patience=15 | gapPenalty=0.250 | r2Weight=0.350

===========================
Running model: xgboost_style
===========================
Fold 1 / 5
Selected hyperparameters (shared across folds):
            LearnRate: 0.0104
    NumLearningCycles: 2018
             MaxDepth: 9
          MinLeafSize: 19
            Subsample: 0.8880
            Colsample: 0.8446
                 Seed: 1058

Model structure (fold1):
  <a href="matlab: helpPopup classreg.learning.regr.RegressionBaggedEnsemble">RegressionBaggedEnsemble</a>
             ResponseName: 'Y'
    CategoricalPredictors: []
        ResponseTransform: 'none'
          NumObservations: 2436
               NumTrained: 2018
                   Method: 'LSBoost'
             LearnerNames: {'Tree'}
     ReasonForTermination: '在完成请求的训练周期数后正常终止。'
                  FitInfo: [2018×1 double]
       FitInfoDescription: {2×1 cell}
           Regularization: []
                FResample: 0.8880
                  Replace: 1
         UseObsForLearner: [2436×2018 logical]


  <a href="matlab: properties('classreg.learning.regr.RegressionBaggedEnsemble')">Properties</a>, <a href="matlab: methods('classreg.learning.regr.RegressionBaggedEnsemble')">Methods</a>


                Type: 'regression'
              Method: 'LSBoost'
    LearnerTemplates: 'Tree'
              NLearn: 2018
           LearnRate: 0.0104

  <a href="matlab: helpPopup classreg.learning.regr.CompactRegressionTree">CompactRegressionTree</a>
             ResponseName: 'Y'
    CategoricalPredictors: []
        ResponseTransform: 'none'


  <a href="matlab: properties('classreg.learning.regr.CompactRegressionTree')">Properties</a>, <a href="matlab: methods('classreg.learning.regr.CompactRegressionTree')">Methods</a>

Fold 1 metrics: Train R2 0.9513 MAE 0.1465 RMSE 0.3553 | Val R2 0.8655 MAE 0.3182 RMSE 0.5878 | Test R2 0.8054 MAE 0.3182 RMSE 0.7181
Fold 2 / 5
Fold 2 metrics: Train R2 0.9469 MAE 0.1626 RMSE 0.3706 | Val R2 0.7973 MAE 0.3300 RMSE 0.6968 | Test R2 0.8946 MAE 0.3215 RMSE 0.5402
Fold 3 / 5
Fold 3 metrics: Train R2 0.9686 MAE 0.1340 RMSE 0.2860 | Val R2 0.8610 MAE 0.2555 RMSE 0.5961 | Test R2 0.6889 MAE 0.3413 RMSE 0.9011
Fold 4 / 5
Fold 4 metrics: Train R2 0.9522 MAE 0.1501 RMSE 0.3570 | Val R2 0.8022 MAE 0.3038 RMSE 0.6959 | Test R2 0.8303 MAE 0.3251 RMSE 0.6439
Fold 5 / 5
Fold 5 metrics: Train R2 0.9567 MAE 0.1414 RMSE 0.3334 | Val R2 0.7037 MAE 0.3524 RMSE 0.9260 | Test R2 0.8614 MAE 0.2857 RMSE 0.5896

===== xgboost_style | 5-fold average =====
Train: R2 = 0.9551, MAE = 0.1469, RMSE = 0.3405
Val  : R2 = 0.8060, MAE = 0.3120, RMSE = 0.7005
Test : R2 = 0.8161, MAE = 0.3184, RMSE = 0.6786

===========================
Running model: lightgbm_style
===========================
Fold 1 / 5
Selected hyperparameters (shared across folds):
            LearnRate: 0.0066
    NumLearningCycles: 3180
            NumLeaves: 212
          MinLeafSize: 23
            Subsample: 0.7836
            Colsample: 0.9497
                 Seed: 2066

Model structure (fold1):
  <a href="matlab: helpPopup classreg.learning.regr.RegressionBaggedEnsemble">RegressionBaggedEnsemble</a>
             ResponseName: 'Y'
    CategoricalPredictors: []
        ResponseTransform: 'none'
          NumObservations: 2436
               NumTrained: 3180
                   Method: 'LSBoost'
             LearnerNames: {'Tree'}
     ReasonForTermination: '在完成请求的训练周期数后正常终止。'
                  FitInfo: [3180×1 double]
       FitInfoDescription: {2×1 cell}
           Regularization: []
                FResample: 0.7836
                  Replace: 1
         UseObsForLearner: [2436×3180 logical]


  <a href="matlab: properties('classreg.learning.regr.RegressionBaggedEnsemble')">Properties</a>, <a href="matlab: methods('classreg.learning.regr.RegressionBaggedEnsemble')">Methods</a>


                Type: 'regression'
              Method: 'LSBoost'
    LearnerTemplates: 'Tree'
              NLearn: 3180
           LearnRate: 0.0066

  <a href="matlab: helpPopup classreg.learning.regr.CompactRegressionTree">CompactRegressionTree</a>
             ResponseName: 'Y'
    CategoricalPredictors: []
        ResponseTransform: 'none'


  <a href="matlab: properties('classreg.learning.regr.CompactRegressionTree')">Properties</a>, <a href="matlab: methods('classreg.learning.regr.CompactRegressionTree')">Methods</a>

Fold 1 metrics: Train R2 0.9504 MAE 0.1655 RMSE 0.3551 | Val R2 0.6992 MAE 0.3636 RMSE 0.9191 | Test R2 0.8160 MAE 0.3184 RMSE 0.6983
Fold 2 / 5
Fold 2 metrics: Train R2 0.9396 MAE 0.1752 RMSE 0.3925 | Val R2 0.6600 MAE 0.3733 RMSE 0.9371 | Test R2 0.9115 MAE 0.3007 RMSE 0.4952
Fold 3 / 5
Fold 3 metrics: Train R2 0.9493 MAE 0.1653 RMSE 0.3634 | Val R2 0.9083 MAE 0.2919 RMSE 0.4830 | Test R2 0.6758 MAE 0.3675 RMSE 0.9199
Fold 4 / 5
Fold 4 metrics: Train R2 0.9258 MAE 0.1900 RMSE 0.4470 | Val R2 0.8908 MAE 0.3144 RMSE 0.5039 | Test R2 0.8231 MAE 0.3411 RMSE 0.6575
Fold 5 / 5
Fold 5 metrics: Train R2 0.9280 MAE 0.1898 RMSE 0.4354 | Val R2 0.8719 MAE 0.3267 RMSE 0.5733 | Test R2 0.8445 MAE 0.3125 RMSE 0.6246

===== lightgbm_style | 5-fold average =====
Train: R2 = 0.9386, MAE = 0.1772, RMSE = 0.3987
Val  : R2 = 0.8061, MAE = 0.3340, RMSE = 0.6833
Test : R2 = 0.8142, MAE = 0.3280, RMSE = 0.6791

===========================
Running model: random_forest
===========================
Fold 1 / 5
Selected hyperparameters (shared across folds):
                 NumTrees: 1010
              MinLeafSize: 1
    NumPredictorsToSample: 7
            InBagFraction: 0.7741
                     Seed: 3060

Model structure (fold1):
  <a href="matlab: helpPopup TreeBagger">TreeBagger</a>
集成了 1010 个装袋决策树:
                    Training X:             [2436x8]
                    Training Y:             [2436x1]
                        Method:           regression
                 NumPredictors:                    8
         NumPredictorsToSample:                    7
                   MinLeafSize:                    1
                 InBagFraction:              0.77406
         SampleWithReplacement:                    1
          ComputeOOBPrediction:                    0
 ComputeOOBPredictorImportance:                    0
                     Proximity:                   []

  <a href="matlab: properties('TreeBagger')">Properties</a>, <a href="matlab: methods('TreeBagger')">Methods</a>

RandomForest: NumTrees=1010
Fold 1 metrics: Train R2 0.9588 MAE 0.1669 RMSE 0.3249 | Val R2 0.8107 MAE 0.3458 RMSE 0.7170 | Test R2 0.8133 MAE 0.3452 RMSE 0.7034
Fold 2 / 5
Fold 2 metrics: Train R2 0.9525 MAE 0.1696 RMSE 0.3450 | Val R2 0.7535 MAE 0.3601 RMSE 0.8357 | Test R2 0.8836 MAE 0.3345 RMSE 0.5676
Fold 3 / 5
Fold 3 metrics: Train R2 0.9614 MAE 0.1616 RMSE 0.3147 | Val R2 0.8430 MAE 0.3569 RMSE 0.6597 | Test R2 0.6875 MAE 0.3898 RMSE 0.9032
Fold 4 / 5
Fold 4 metrics: Train R2 0.9583 MAE 0.1660 RMSE 0.3293 | Val R2 0.7458 MAE 0.3883 RMSE 0.8454 | Test R2 0.7993 MAE 0.3680 RMSE 0.7003
Fold 5 / 5
Fold 5 metrics: Train R2 0.9537 MAE 0.1735 RMSE 0.3467 | Val R2 0.7710 MAE 0.3734 RMSE 0.7949 | Test R2 0.8267 MAE 0.3479 RMSE 0.6594

===== random_forest | 5-fold average =====
Train: R2 = 0.9569, MAE = 0.1675, RMSE = 0.3321
Val  : R2 = 0.7848, MAE = 0.3649, RMSE = 0.7706
Test : R2 = 0.8021, MAE = 0.3571, RMSE = 0.7068

Total runtime: 4838.36 seconds (80.64 minutes)
