BaseDir: C:\Users\123\Desktop
Data: C:\Users\123\Desktop\data_v4.csv | N=3624, D=8 | K=5 | valRatio=0.16
nTrials=60 | patience=18 | gapPenalty=0.350 | r2Weight=0.140

===========================
Running model: xgboost_style
===========================
Fold 1 / 5
Selected hyperparameters (shared across folds):
            LearnRate: 0.0179
    NumLearningCycles: 2912
             MaxDepth: 4
          MinLeafSize: 28
            Subsample: 0.9126
            Colsample: 0.9191
                 Seed: 1057

Model structure (fold1):
  <a href="matlab: helpPopup classreg.learning.regr.RegressionBaggedEnsemble">RegressionBaggedEnsemble</a>
             ResponseName: 'Y'
    CategoricalPredictors: []
        ResponseTransform: 'none'
          NumObservations: 2436
               NumTrained: 2912
                   Method: 'LSBoost'
             LearnerNames: {'Tree'}
     ReasonForTermination: '在完成请求的训练周期数后正常终止。'
                  FitInfo: [2912×1 double]
       FitInfoDescription: {2×1 cell}
           Regularization: []
                FResample: 0.9126
                  Replace: 1
         UseObsForLearner: [2436×2912 logical]


  <a href="matlab: properties('classreg.learning.regr.RegressionBaggedEnsemble')">Properties</a>, <a href="matlab: methods('classreg.learning.regr.RegressionBaggedEnsemble')">Methods</a>


                Type: 'regression'
              Method: 'LSBoost'
    LearnerTemplates: 'Tree'
              NLearn: 2912
           LearnRate: 0.0179

  <a href="matlab: helpPopup classreg.learning.regr.CompactRegressionTree">CompactRegressionTree</a>
             ResponseName: 'Y'
    CategoricalPredictors: []
        ResponseTransform: 'none'


  <a href="matlab: properties('classreg.learning.regr.CompactRegressionTree')">Properties</a>, <a href="matlab: methods('classreg.learning.regr.CompactRegressionTree')">Methods</a>

Fold 1 metrics: Train R2 0.9938 MAE 0.0244 RMSE 0.0600 | Val R2 0.9887 MAE 0.0354 RMSE 0.0803 | Test R2 0.9869 MAE 0.0386 RMSE 0.0885
Fold 2 / 5
Fold 2 metrics: Train R2 0.9924 MAE 0.0272 RMSE 0.0664 | Val R2 0.9894 MAE 0.0387 RMSE 0.0729 | Test R2 0.9918 MAE 0.0350 RMSE 0.0728
Fold 3 / 5
Fold 3 metrics: Train R2 0.9934 MAE 0.0258 RMSE 0.0621 | Val R2 0.9897 MAE 0.0353 RMSE 0.0792 | Test R2 0.9865 MAE 0.0430 RMSE 0.0871
Fold 4 / 5
Fold 4 metrics: Train R2 0.9971 MAE 0.0211 RMSE 0.0418 | Val R2 0.9913 MAE 0.0351 RMSE 0.0721 | Test R2 0.9642 MAE 0.0372 RMSE 0.1387
Fold 5 / 5
Fold 5 metrics: Train R2 0.9960 MAE 0.0228 RMSE 0.0488 | Val R2 0.9597 MAE 0.0357 RMSE 0.1518 | Test R2 0.9879 MAE 0.0336 RMSE 0.0838

===== xgboost_style | 5-fold average =====
Train: R2 = 0.9945, MAE = 0.0242, RMSE = 0.0558
Val  : R2 = 0.9838, MAE = 0.0361, RMSE = 0.0912
Test : R2 = 0.9835, MAE = 0.0375, RMSE = 0.0942

===========================
Running model: lightgbm_style
===========================
Fold 1 / 5
Selected hyperparameters (shared across folds):
            LearnRate: 0.0129
    NumLearningCycles: 5210
            NumLeaves: 232
          MinLeafSize: 26
            Subsample: 0.5530
            Colsample: 0.8345
                 Seed: 2053

Model structure (fold1):
  <a href="matlab: helpPopup classreg.learning.regr.RegressionBaggedEnsemble">RegressionBaggedEnsemble</a>
             ResponseName: 'Y'
    CategoricalPredictors: []
        ResponseTransform: 'none'
          NumObservations: 2436
               NumTrained: 5210
                   Method: 'LSBoost'
             LearnerNames: {'Tree'}
     ReasonForTermination: '在完成请求的训练周期数后正常终止。'
                  FitInfo: [5210×1 double]
       FitInfoDescription: {2×1 cell}
           Regularization: []
                FResample: 0.5530
                  Replace: 1
         UseObsForLearner: [2436×5210 logical]


  <a href="matlab: properties('classreg.learning.regr.RegressionBaggedEnsemble')">Properties</a>, <a href="matlab: methods('classreg.learning.regr.RegressionBaggedEnsemble')">Methods</a>


                Type: 'regression'
              Method: 'LSBoost'
    LearnerTemplates: 'Tree'
              NLearn: 5210
           LearnRate: 0.0129

  <a href="matlab: helpPopup classreg.learning.regr.CompactRegressionTree">CompactRegressionTree</a>
             ResponseName: 'Y'
    CategoricalPredictors: []
        ResponseTransform: 'none'


  <a href="matlab: properties('classreg.learning.regr.CompactRegressionTree')">Properties</a>, <a href="matlab: methods('classreg.learning.regr.CompactRegressionTree')">Methods</a>

Fold 1 metrics: Train R2 0.9948 MAE 0.0180 RMSE 0.0548 | Val R2 0.9943 MAE 0.0305 RMSE 0.0584 | Test R2 0.9855 MAE 0.0376 RMSE 0.0932
Fold 2 / 5
Fold 2 metrics: Train R2 0.9942 MAE 0.0185 RMSE 0.0577 | Val R2 0.9769 MAE 0.0348 RMSE 0.1143 | Test R2 0.9918 MAE 0.0315 RMSE 0.0727
Fold 3 / 5
Fold 3 metrics: Train R2 0.9941 MAE 0.0190 RMSE 0.0588 | Val R2 0.9937 MAE 0.0324 RMSE 0.0622 | Test R2 0.9878 MAE 0.0382 RMSE 0.0829
Fold 4 / 5
Fold 4 metrics: Train R2 0.9975 MAE 0.0155 RMSE 0.0385 | Val R2 0.9909 MAE 0.0307 RMSE 0.0702 | Test R2 0.9651 MAE 0.0335 RMSE 0.1371
Fold 5 / 5
Fold 5 metrics: Train R2 0.9936 MAE 0.0195 RMSE 0.0614 | Val R2 0.9931 MAE 0.0338 RMSE 0.0632 | Test R2 0.9881 MAE 0.0337 RMSE 0.0830

===== lightgbm_style | 5-fold average =====
Train: R2 = 0.9948, MAE = 0.0181, RMSE = 0.0542
Val  : R2 = 0.9898, MAE = 0.0324, RMSE = 0.0737
Test : R2 = 0.9836, MAE = 0.0349, RMSE = 0.0938

===========================
Running model: random_forest
===========================
Fold 1 / 5
Selected hyperparameters (shared across folds):
                 NumTrees: 1071
              MinLeafSize: 3
    NumPredictorsToSample: 8
            InBagFraction: 0.7273
                     Seed: 3056

Model structure (fold1):
  <a href="matlab: helpPopup TreeBagger">TreeBagger</a>
集成了 1071 个装袋决策树:
                    Training X:             [2436x8]
                    Training Y:             [2436x1]
                        Method:           regression
                 NumPredictors:                    8
         NumPredictorsToSample:                    8
                   MinLeafSize:                    3
                 InBagFraction:             0.727337
         SampleWithReplacement:                    1
          ComputeOOBPrediction:                    0
 ComputeOOBPredictorImportance:                    0
                     Proximity:                   []

  <a href="matlab: properties('TreeBagger')">Properties</a>, <a href="matlab: methods('TreeBagger')">Methods</a>

RandomForest: NumTrees=1071
Fold 1 metrics: Train R2 0.9843 MAE 0.0497 RMSE 0.0941 | Val R2 0.9751 MAE 0.0737 RMSE 0.1279 | Test R2 0.9761 MAE 0.0724 RMSE 0.1197
Fold 2 / 5
Fold 2 metrics: Train R2 0.9826 MAE 0.0503 RMSE 0.0993 | Val R2 0.9775 MAE 0.0796 RMSE 0.1149 | Test R2 0.9790 MAE 0.0724 RMSE 0.1160
Fold 3 / 5
Fold 3 metrics: Train R2 0.9849 MAE 0.0501 RMSE 0.0949 | Val R2 0.9709 MAE 0.0693 RMSE 0.1281 | Test R2 0.9719 MAE 0.0784 RMSE 0.1255
Fold 4 / 5
Fold 4 metrics: Train R2 0.9886 MAE 0.0485 RMSE 0.0825 | Val R2 0.9747 MAE 0.0701 RMSE 0.1208 | Test R2 0.9536 MAE 0.0742 RMSE 0.1581
Fold 5 / 5
Fold 5 metrics: Train R2 0.9843 MAE 0.0509 RMSE 0.0967 | Val R2 0.9814 MAE 0.0689 RMSE 0.1009 | Test R2 0.9716 MAE 0.0732 RMSE 0.1281

===== random_forest | 5-fold average =====
Train: R2 = 0.9850, MAE = 0.0499, RMSE = 0.0935
Val  : R2 = 0.9759, MAE = 0.0723, RMSE = 0.1185
Test : R2 = 0.9705, MAE = 0.0741, RMSE = 0.1295

Total runtime: 3646.41 seconds (60.77 minutes)
